Start time: 12:46:29 on Oct 01,2024
qverilog randomization1.sv 
-- Compiling package randomization1_sv_unit
-- Compiling module teset
** Warning: randomization1.sv(38): (qverilog-2240) Treating stand-alone use of function 'randomize' as an implicit VOID cast.

Top level modules:
	teset
# vsim -lib work work.randomization1_sv_unit work.teset -c -do "run -all; quit -f" -appendlog -l qverilog.log -vopt 
# ** Note: (vsim-3813) Design is being optimized due to module recompilation...
# ** Warning: randomization1.sv(38): (vopt-2240) Treating stand-alone use of function 'randomize' as an implicit VOID cast.
# ** Note: (vsim-12126) Error and warning message counts have been restored: Errors=0, Warnings=2.
# //  Questa Sim-64
# //  Version 2022.1_2 linux_x86_64 Apr  2 2022
# //
# //  Copyright 1991-2022 Mentor Graphics Corporation
# //  All Rights Reserved.
# //
# //  QuestaSim and its associated documentation contain trade
# //  secrets and commercial or financial information that are the property of
# //  Mentor Graphics Corporation and are privileged, confidential,
# //  and exempt from disclosure under the Freedom of Information Act,
# //  5 U.S.C. Section 552. Furthermore, this information
# //  is prohibited from disclosure under the Trade Secrets Act,
# //  18 U.S.C. Section 1905.
# //
# Loading sv_std.std
# Loading work.randomization1_sv_unit(fast)
# Loading work.teset(fast)
# run -all
# randomization : nope
#          0
#  quit -f
# End time: 12:46:30 on Oct 01,2024, Elapsed time: 0:00:01
# Errors: 0, Warnings: 2
